TN:
SF:src\mocks\browser.js
FNF:0
FNH:0
DA:5,0
LF:1
LH:0
BRF:0
BRH:0
end_of_record
TN:
SF:src\mocks\handlers.js
FN:6,(anonymous_0)
FNF:1
FNH:0
FNDA:0,(anonymous_0)
DA:5,0
DA:7,0
DA:8,0
LF:3
LH:0
BRF:0
BRH:0
end_of_record
TN:
SF:src\utils\fonctionTest.js
FN:1,startCounting
FN:3,(anonymous_1)
FNF:2
FNH:2
FNDA:1,startCounting
FNDA:3,(anonymous_1)
DA:2,1
DA:3,1
DA:4,3
DA:5,3
LF:4
LH:4
BRF:0
BRH:0
end_of_record
TN:
SF:src\utils\generateProducts.js
FN:3,generateProducts
FN:5,(anonymous_1)
FNF:2
FNH:0
FNDA:0,generateProducts
FNDA:0,(anonymous_1)
DA:4,0
DA:5,0
LF:2
LH:0
BRDA:3,0,0,0
BRDA:3,1,0,0
BRF:2
BRH:0
end_of_record
